<?xml version="1.0" encoding="UTF-8"?>
<!-- Generated by org.testng.reporters.JUnitReportReporter -->
<testsuite hostname="Dharanidhar-PC" failures="0" tests="1" name="cucumber.TestNgTestRunner" time="5.486" errors="0" timestamp="2025-06-05T15:10:33 IST" skipped="0">
  <testcase classname="cucumber.TestNgTestRunner" name="runScenario" time="5.486"/>
</testsuite> <!-- cucumber.TestNgTestRunner -->
