<?xml version="1.0" encoding="UTF-8"?>
<!-- Generated by org.testng.reporters.JUnitReportReporter -->
<testsuite hostname="Dharanidhar-PC" failures="0" tests="3" name="kiran.test.SubmitOrder" time="22.921" errors="0" timestamp="2025-06-05T15:58:31 IST" skipped="0">
  <testcase classname="kiran.test.SubmitOrder" name="SubmitOrder" time="8.934"/>
  <testcase classname="kiran.test.SubmitOrder" name="SubmitOrder" time="9.258"/>
  <testcase classname="kiran.test.SubmitOrder" name="ValidateOrderPage" time="4.729"/>
</testsuite> <!-- kiran.test.SubmitOrder -->
