<?xml version="1.0" encoding="UTF-8"?>
<!-- Generated by org.testng.reporters.JUnitReportReporter -->
<testsuite hostname="Dharanidhar-PC" failures="0" tests="2" name="kiran.test.ErrorValidation" time="19.887" errors="0" timestamp="2025-06-03T22:04:30 IST" skipped="0">
  <testcase classname="kiran.test.ErrorValidation" name="OrderErrorTest" time="12.826"/>
  <testcase classname="kiran.test.ErrorValidation" name="ErrorMSGTest" time="7.061"/>
</testsuite> <!-- kiran.test.ErrorValidation -->
