<?xml version="1.0" encoding="UTF-8"?>
<!-- Generated by org.testng.reporters.JUnitReportReporter -->
<testsuite hostname="Dharanidhar-PC" failures="0" tests="1" name="cucumber.TestNgTestRunner" time="4.358" errors="0" timestamp="2025-06-05T15:11:00 IST" skipped="0">
  <testcase classname="cucumber.TestNgTestRunner" name="runScenario" time="4.358"/>
</testsuite> <!-- cucumber.TestNgTestRunner -->
